-------------------------------------------------------------------------------
Test set: com.hyatt.notificationservice.NotificationServiceApplicationTests
-------------------------------------------------------------------------------
Tests run: 1, Failures: 0, Errors: 1, Skipped: 0, Time elapsed: 8.349 s <<< FAILURE! - in com.hyatt.notificationservice.NotificationServiceApplicationTests
contextLoads(com.hyatt.notificationservice.NotificationServiceApplicationTests)  Time elapsed: 0.001 s  <<< ERROR!
java.lang.IllegalStateException: Failed to load ApplicationContext
Caused by: org.springframework.beans.factory.UnsatisfiedDependencyException: Error creating bean with name 'chatController' defined in file [C:\mavs\workspace\altoros\notification-service\target\classes\com\hyatt\notificationservice\controller\ChatController.class]: Unsatisfied dependency expressed through constructor parameter 0; nested exception is org.springframework.beans.factory.UnsatisfiedDependencyException: Error creating bean with name 'notificationServiceImpl' defined in file [C:\mavs\workspace\altoros\notification-service\target\classes\com\hyatt\notificationservice\service\impl\NotificationServiceImpl.class]: Unsatisfied dependency expressed through constructor parameter 0; nested exception is org.springframework.beans.factory.BeanCreationException: Error creating bean with name 'brokerMessagingTemplate' defined in class path resource [org/springframework/web/socket/config/annotation/DelegatingWebSocketMessageBrokerConfiguration.class]: Bean instantiation via factory method failed; nested exception is org.springframework.beans.BeanInstantiationException: Failed to instantiate [org.springframework.messaging.simp.SimpMessagingTemplate]: Factory method 'brokerMessagingTemplate' threw exception; nested exception is org.springframework.beans.factory.BeanCreationException: Error creating bean with name 'brokerChannel' defined in class path resource [org/springframework/web/socket/config/annotation/DelegatingWebSocketMessageBrokerConfiguration.class]: Bean instantiation via factory method failed; nested exception is org.springframework.beans.BeanInstantiationException: Failed to instantiate [org.springframework.messaging.support.AbstractSubscribableChannel]: Factory method 'brokerChannel' threw exception; nested exception is org.springframework.beans.factory.BeanCreationException: Error creating bean with name 'clientInboundChannel' defined in class path resource [org/springframework/web/socket/config/annotation/DelegatingWebSocketMessageBrokerConfiguration.class]: Bean instantiation via factory method failed; nested exception is org.springframework.beans.BeanInstantiationException: Failed to instantiate [org.springframework.messaging.support.AbstractSubscribableChannel]: Factory method 'clientInboundChannel' threw exception; nested exception is org.springframework.beans.factory.BeanCreationException: Error creating bean with name 'clientInboundChannelExecutor' defined in class path resource [org/springframework/web/socket/config/annotation/DelegatingWebSocketMessageBrokerConfiguration.class]: Bean instantiation via factory method failed; nested exception is org.springframework.beans.BeanInstantiationException: Failed to instantiate [org.springframework.scheduling.concurrent.ThreadPoolTaskExecutor]: Factory method 'clientInboundChannelExecutor' threw exception; nested exception is java.lang.NullPointerException
Caused by: org.springframework.beans.factory.UnsatisfiedDependencyException: Error creating bean with name 'notificationServiceImpl' defined in file [C:\mavs\workspace\altoros\notification-service\target\classes\com\hyatt\notificationservice\service\impl\NotificationServiceImpl.class]: Unsatisfied dependency expressed through constructor parameter 0; nested exception is org.springframework.beans.factory.BeanCreationException: Error creating bean with name 'brokerMessagingTemplate' defined in class path resource [org/springframework/web/socket/config/annotation/DelegatingWebSocketMessageBrokerConfiguration.class]: Bean instantiation via factory method failed; nested exception is org.springframework.beans.BeanInstantiationException: Failed to instantiate [org.springframework.messaging.simp.SimpMessagingTemplate]: Factory method 'brokerMessagingTemplate' threw exception; nested exception is org.springframework.beans.factory.BeanCreationException: Error creating bean with name 'brokerChannel' defined in class path resource [org/springframework/web/socket/config/annotation/DelegatingWebSocketMessageBrokerConfiguration.class]: Bean instantiation via factory method failed; nested exception is org.springframework.beans.BeanInstantiationException: Failed to instantiate [org.springframework.messaging.support.AbstractSubscribableChannel]: Factory method 'brokerChannel' threw exception; nested exception is org.springframework.beans.factory.BeanCreationException: Error creating bean with name 'clientInboundChannel' defined in class path resource [org/springframework/web/socket/config/annotation/DelegatingWebSocketMessageBrokerConfiguration.class]: Bean instantiation via factory method failed; nested exception is org.springframework.beans.BeanInstantiationException: Failed to instantiate [org.springframework.messaging.support.AbstractSubscribableChannel]: Factory method 'clientInboundChannel' threw exception; nested exception is org.springframework.beans.factory.BeanCreationException: Error creating bean with name 'clientInboundChannelExecutor' defined in class path resource [org/springframework/web/socket/config/annotation/DelegatingWebSocketMessageBrokerConfiguration.class]: Bean instantiation via factory method failed; nested exception is org.springframework.beans.BeanInstantiationException: Failed to instantiate [org.springframework.scheduling.concurrent.ThreadPoolTaskExecutor]: Factory method 'clientInboundChannelExecutor' threw exception; nested exception is java.lang.NullPointerException
Caused by: org.springframework.beans.factory.BeanCreationException: Error creating bean with name 'brokerMessagingTemplate' defined in class path resource [org/springframework/web/socket/config/annotation/DelegatingWebSocketMessageBrokerConfiguration.class]: Bean instantiation via factory method failed; nested exception is org.springframework.beans.BeanInstantiationException: Failed to instantiate [org.springframework.messaging.simp.SimpMessagingTemplate]: Factory method 'brokerMessagingTemplate' threw exception; nested exception is org.springframework.beans.factory.BeanCreationException: Error creating bean with name 'brokerChannel' defined in class path resource [org/springframework/web/socket/config/annotation/DelegatingWebSocketMessageBrokerConfiguration.class]: Bean instantiation via factory method failed; nested exception is org.springframework.beans.BeanInstantiationException: Failed to instantiate [org.springframework.messaging.support.AbstractSubscribableChannel]: Factory method 'brokerChannel' threw exception; nested exception is org.springframework.beans.factory.BeanCreationException: Error creating bean with name 'clientInboundChannel' defined in class path resource [org/springframework/web/socket/config/annotation/DelegatingWebSocketMessageBrokerConfiguration.class]: Bean instantiation via factory method failed; nested exception is org.springframework.beans.BeanInstantiationException: Failed to instantiate [org.springframework.messaging.support.AbstractSubscribableChannel]: Factory method 'clientInboundChannel' threw exception; nested exception is org.springframework.beans.factory.BeanCreationException: Error creating bean with name 'clientInboundChannelExecutor' defined in class path resource [org/springframework/web/socket/config/annotation/DelegatingWebSocketMessageBrokerConfiguration.class]: Bean instantiation via factory method failed; nested exception is org.springframework.beans.BeanInstantiationException: Failed to instantiate [org.springframework.scheduling.concurrent.ThreadPoolTaskExecutor]: Factory method 'clientInboundChannelExecutor' threw exception; nested exception is java.lang.NullPointerException
Caused by: org.springframework.beans.BeanInstantiationException: Failed to instantiate [org.springframework.messaging.simp.SimpMessagingTemplate]: Factory method 'brokerMessagingTemplate' threw exception; nested exception is org.springframework.beans.factory.BeanCreationException: Error creating bean with name 'brokerChannel' defined in class path resource [org/springframework/web/socket/config/annotation/DelegatingWebSocketMessageBrokerConfiguration.class]: Bean instantiation via factory method failed; nested exception is org.springframework.beans.BeanInstantiationException: Failed to instantiate [org.springframework.messaging.support.AbstractSubscribableChannel]: Factory method 'brokerChannel' threw exception; nested exception is org.springframework.beans.factory.BeanCreationException: Error creating bean with name 'clientInboundChannel' defined in class path resource [org/springframework/web/socket/config/annotation/DelegatingWebSocketMessageBrokerConfiguration.class]: Bean instantiation via factory method failed; nested exception is org.springframework.beans.BeanInstantiationException: Failed to instantiate [org.springframework.messaging.support.AbstractSubscribableChannel]: Factory method 'clientInboundChannel' threw exception; nested exception is org.springframework.beans.factory.BeanCreationException: Error creating bean with name 'clientInboundChannelExecutor' defined in class path resource [org/springframework/web/socket/config/annotation/DelegatingWebSocketMessageBrokerConfiguration.class]: Bean instantiation via factory method failed; nested exception is org.springframework.beans.BeanInstantiationException: Failed to instantiate [org.springframework.scheduling.concurrent.ThreadPoolTaskExecutor]: Factory method 'clientInboundChannelExecutor' threw exception; nested exception is java.lang.NullPointerException
Caused by: org.springframework.beans.factory.BeanCreationException: Error creating bean with name 'brokerChannel' defined in class path resource [org/springframework/web/socket/config/annotation/DelegatingWebSocketMessageBrokerConfiguration.class]: Bean instantiation via factory method failed; nested exception is org.springframework.beans.BeanInstantiationException: Failed to instantiate [org.springframework.messaging.support.AbstractSubscribableChannel]: Factory method 'brokerChannel' threw exception; nested exception is org.springframework.beans.factory.BeanCreationException: Error creating bean with name 'clientInboundChannel' defined in class path resource [org/springframework/web/socket/config/annotation/DelegatingWebSocketMessageBrokerConfiguration.class]: Bean instantiation via factory method failed; nested exception is org.springframework.beans.BeanInstantiationException: Failed to instantiate [org.springframework.messaging.support.AbstractSubscribableChannel]: Factory method 'clientInboundChannel' threw exception; nested exception is org.springframework.beans.factory.BeanCreationException: Error creating bean with name 'clientInboundChannelExecutor' defined in class path resource [org/springframework/web/socket/config/annotation/DelegatingWebSocketMessageBrokerConfiguration.class]: Bean instantiation via factory method failed; nested exception is org.springframework.beans.BeanInstantiationException: Failed to instantiate [org.springframework.scheduling.concurrent.ThreadPoolTaskExecutor]: Factory method 'clientInboundChannelExecutor' threw exception; nested exception is java.lang.NullPointerException
Caused by: org.springframework.beans.BeanInstantiationException: Failed to instantiate [org.springframework.messaging.support.AbstractSubscribableChannel]: Factory method 'brokerChannel' threw exception; nested exception is org.springframework.beans.factory.BeanCreationException: Error creating bean with name 'clientInboundChannel' defined in class path resource [org/springframework/web/socket/config/annotation/DelegatingWebSocketMessageBrokerConfiguration.class]: Bean instantiation via factory method failed; nested exception is org.springframework.beans.BeanInstantiationException: Failed to instantiate [org.springframework.messaging.support.AbstractSubscribableChannel]: Factory method 'clientInboundChannel' threw exception; nested exception is org.springframework.beans.factory.BeanCreationException: Error creating bean with name 'clientInboundChannelExecutor' defined in class path resource [org/springframework/web/socket/config/annotation/DelegatingWebSocketMessageBrokerConfiguration.class]: Bean instantiation via factory method failed; nested exception is org.springframework.beans.BeanInstantiationException: Failed to instantiate [org.springframework.scheduling.concurrent.ThreadPoolTaskExecutor]: Factory method 'clientInboundChannelExecutor' threw exception; nested exception is java.lang.NullPointerException
Caused by: org.springframework.beans.factory.BeanCreationException: Error creating bean with name 'clientInboundChannel' defined in class path resource [org/springframework/web/socket/config/annotation/DelegatingWebSocketMessageBrokerConfiguration.class]: Bean instantiation via factory method failed; nested exception is org.springframework.beans.BeanInstantiationException: Failed to instantiate [org.springframework.messaging.support.AbstractSubscribableChannel]: Factory method 'clientInboundChannel' threw exception; nested exception is org.springframework.beans.factory.BeanCreationException: Error creating bean with name 'clientInboundChannelExecutor' defined in class path resource [org/springframework/web/socket/config/annotation/DelegatingWebSocketMessageBrokerConfiguration.class]: Bean instantiation via factory method failed; nested exception is org.springframework.beans.BeanInstantiationException: Failed to instantiate [org.springframework.scheduling.concurrent.ThreadPoolTaskExecutor]: Factory method 'clientInboundChannelExecutor' threw exception; nested exception is java.lang.NullPointerException
Caused by: org.springframework.beans.BeanInstantiationException: Failed to instantiate [org.springframework.messaging.support.AbstractSubscribableChannel]: Factory method 'clientInboundChannel' threw exception; nested exception is org.springframework.beans.factory.BeanCreationException: Error creating bean with name 'clientInboundChannelExecutor' defined in class path resource [org/springframework/web/socket/config/annotation/DelegatingWebSocketMessageBrokerConfiguration.class]: Bean instantiation via factory method failed; nested exception is org.springframework.beans.BeanInstantiationException: Failed to instantiate [org.springframework.scheduling.concurrent.ThreadPoolTaskExecutor]: Factory method 'clientInboundChannelExecutor' threw exception; nested exception is java.lang.NullPointerException
Caused by: org.springframework.beans.factory.BeanCreationException: Error creating bean with name 'clientInboundChannelExecutor' defined in class path resource [org/springframework/web/socket/config/annotation/DelegatingWebSocketMessageBrokerConfiguration.class]: Bean instantiation via factory method failed; nested exception is org.springframework.beans.BeanInstantiationException: Failed to instantiate [org.springframework.scheduling.concurrent.ThreadPoolTaskExecutor]: Factory method 'clientInboundChannelExecutor' threw exception; nested exception is java.lang.NullPointerException
Caused by: org.springframework.beans.BeanInstantiationException: Failed to instantiate [org.springframework.scheduling.concurrent.ThreadPoolTaskExecutor]: Factory method 'clientInboundChannelExecutor' threw exception; nested exception is java.lang.NullPointerException
Caused by: java.lang.NullPointerException

