<?xml version="1.0" encoding="UTF-8"?>
<testsuite xmlns:xsi="http://www.w3.org/2001/XMLSchema-instance" xsi:noNamespaceSchemaLocation="https://maven.apache.org/surefire/maven-surefire-plugin/xsd/surefire-test-report.xsd" name="com.hyatt.notificationservice.controller.DepartmentControllerTest" time="2.203" tests="5" errors="0" skipped="0" failures="0">
  <properties>
[...]
</properties>
  <testcase name="create" classname="com.hyatt.notificationservice.controller.DepartmentControllerTest" time="0.025"/>
  <testcase name="delete" classname="com.hyatt.notificationservice.controller.DepartmentControllerTest" time="0.015"/>
  <testcase name="listDepartments" classname="com.hyatt.notificationservice.controller.DepartmentControllerTest" time="0.021"/>
  <testcase name="update" classname="com.hyatt.notificationservice.controller.DepartmentControllerTest" time="0.019"/>
  <testcase name="findByDepartmentId" classname="com.hyatt.notificationservice.controller.DepartmentControllerTest" time="0.021"/>
</testsuite>